<?xml version="1.0" encoding="UTF-8" ?>
<testsuite errors="0" failures="2" hostname="KEEs-MacBook-Pro.local" name="PrintingOutTextTest" skipped="0" tests="3" time="0.121" timestamp="2015-11-03T08:48:21">
  <properties>
    <property name="libs.jsp-compiler.javadoc" value="" />
    <property name="netbeans.autoupdate.country" value="US" />
    <property name="javac.test.classpath" value=":build/classes:lib/hamcrest-core-1.3.jar:lib/junit-4.11.jar:lib/edu-test-utils-0.4.2.jar:lib/cglib-nodep-2.2.2.jar:lib/easymock-3.2.jar:lib/javassist-3.18.2-GA.jar:lib/objenesis-2.1.jar:lib/powermock-easymock-1.5.5-full.jar" />
    <property name="libs.jsf20.maven-pom" value="" />
    <property name="libs.spring-webmvc4.0.src" value="" />
    <property name="ant.core.lib" value="/Applications/tmcbeans.app/Contents/Resources/tmcbeans/extide/ant/lib/ant.jar" />
    <property name="javadoc.windowtitle" value="" />
    <property name="libs.jsp-compilation.javadoc" value="" />
    <property name="user.dir" value="/Users/keechow/NetBeansProjects/2013-OOProgrammingWithJava-PART1/week2-037.PrintingOutText" />
    <property name="com.apple.mrj.application.apple.menu.about.name" value="tmcbeans" />
    <property name="libs.javaee-api-7.0.src" value="" />
    <property name="java.vm.version" value="25.45-b02" />
    <property name="libs.MySQLDriver.classpath" value="/Applications/tmcbeans.app/Contents/Resources/tmcbeans/ide/modules/ext/mysql-connector-java-5.1.23-bin.jar" />
    <property name="libs.eclipselinkmodelgen.src" value="" />
    <property name="javadoc.notree" value="false" />
    <property name="netbeans.autoupdate.version" value="1.23" />
    <property name="libs.javaee-web-api-6.0.classpath" value="/Applications/tmcbeans.app/Contents/Resources/tmcbeans/enterprise/modules/ext/javaee-web-api-6.0.jar" />
    <property name="jdk.home" value="/Library/Java/JavaVirtualMachines/jdk1.8.0_45.jdk/Contents/Home" />
    <property name="libs.javac-api.src" value="" />
    <property name="javadoc.noindex" value="false" />
    <property name="libs.jpa2-persistence.classpath" value="/Applications/tmcbeans.app/Contents/Resources/tmcbeans/java/modules/ext/hibernate4/hibernate-jpa-2.1-api-1.0.0.Final.jar" />
    <property name="sun.os.patch.level" value="unknown" />
    <property name="do.archive+manifest.available" value="true" />
    <property name="java.vm.specification.name" value="Java Virtual Machine Specification" />
    <property name="netbeans.autoupdate.variant" value="" />
    <property name="have.tests" value="true" />
    <property name="org.xml.sax.driver" value="com.sun.org.apache.xerces.internal.jaxp.SAXParserImpl$JAXPSAXParser" />
    <property name="libs.javac-api.javadoc" value="" />
    <property name="os.name" value="Mac OS X" />
    <property name="libs.beans-binding.classpath" value="/Applications/tmcbeans.app/Contents/Resources/tmcbeans/java/modules/ext/beansbinding-1.2.1.jar" />
    <property name="libs.javaee-endorsed-api-7.0.maven-pom" value="" />
    <property name="ap.proc.none.internal" value="" />
    <property name="libs.restapi.javadoc" value="" />
    <property name="libs.JWSAntTasks.maven-pom" value="" />
    <property name="jnlp.signing.keystore" value="" />
    <property name="libs.jstl.classpath" value="/Applications/tmcbeans.app/Contents/Resources/tmcbeans/enterprise/modules/ext/jstl-impl.jar:/Applications/tmcbeans.app/Contents/Resources/tmcbeans/enterprise/modules/ext/jstl-api.jar" />
    <property name="libs.testng.src" value="" />
    <property name="libs.spring-webmvc3.0.src" value="" />
    <property name="libs.restapi.classpath" value="/Applications/tmcbeans.app/Contents/Resources/tmcbeans/enterprise/modules/ext/jaxrs-2.0/javax.ws.rs-api-2.0.jar" />
    <property name="java.vendor.url.bug" value="http://bugreport.sun.com/bugreport/" />
    <property name="libs.jaxb.maven-pom" value="" />
    <property name="os.arch" value="x86_64" />
    <property name="libs.eclipselink.src" value="" />
    <property name="user.name" value="keechow" />
    <property name="libs.jsf12.javadoc" value="/Applications/tmcbeans.app/Contents/Resources/tmcbeans/enterprise/docs/javaee-doc-api.jar" />
    <property name="libs.spring-webmvc3.0.maven-pom" value="" />
    <property name="libs.swing-layout.maven-pom" value="" />
    <property name="sun.java.command" value="org.apache.tools.ant.taskdefs.optional.junit.JUnitTestRunner PrintingOutTextTest skipNonTests=false filtertrace=true haltOnError=false haltOnFailure=false showoutput=true outputtoformatters=true logfailedtests=true threadid=0 logtestlistenerevents=true formatter=org.apache.tools.ant.taskdefs.optional.junit.BriefJUnitResultFormatter formatter=org.apache.tools.ant.taskdefs.optional.junit.XMLJUnitResultFormatter,/Users/keechow/NetBeansProjects/2013-OOProgrammingWithJava-PART1/week2-037.PrintingOutText/build/test/results/TEST-PrintingOutTextTest.xml crashfile=/Users/keechow/NetBeansProjects/2013-OOProgrammingWithJava-PART1/week2-037.PrintingOutText/build/junitvmwatcher4878064920985165364.properties propsfile=/Users/keechow/NetBeansProjects/2013-OOProgrammingWithJava-PART1/week2-037.PrintingOutText/build/junit2109703410883975968.properties" />
    <property name="build.classes.dir" value="build/classes" />
    <property name="file.reference.edu-test-utils-0.4.2.jar" value="lib/edu-test-utils-0.4.2.jar" />
    <property name="jnlp.descriptor" value="application" />
    <property name="build.sysclasspath" value="ignore" />
    <property name="ap.supported.internal" value="true" />
    <property name="libs.javaee-endorsed-api-7.0.javadoc" value="/Applications/tmcbeans.app/Contents/Resources/tmcbeans/enterprise/docs/javaee-doc-api.jar" />
    <property name="libs.jaxws21.javadoc" value="/Applications/tmcbeans.app/Contents/Resources/tmcbeans/java/docs/jaxws-api-doc.zip" />
    <property name="libs.spring-webmvc4.0.javadoc" value="" />
    <property name="pythonplatform.Python_2.7.10.console" value="/usr/bin/python" />
    <property name="includes" value="**" />
    <property name="user.country" value="US" />
    <property name="manifest.file" value="manifest.mf" />
    <property name="javadoc.encoding" value="UTF-8" />
    <property name="javac.classpath" value="" />
    <property name="libs.jsp-compilation-syscp.src" value="" />
    <property name="libs.spring-framework400.classpath" value="/Applications/tmcbeans.app/Contents/Resources/tmcbeans/ide/modules/org-apache-commons-logging.jar:/Applications/tmcbeans.app/Contents/Resources/tmcbeans/java/modules/ext/cglib-2.2.jar:/Applications/tmcbeans.app/Contents/Resources/tmcbeans/java/modules/ext/spring-4/spring-aop-4.0.1.RELEASE.jar:/Applications/tmcbeans.app/Contents/Resources/tmcbeans/java/modules/ext/spring-4/spring-aspects-4.0.1.RELEASE.jar:/Applications/tmcbeans.app/Contents/Resources/tmcbeans/java/modules/ext/spring-4/spring-beans-4.0.1.RELEASE.jar:/Applications/tmcbeans.app/Contents/Resources/tmcbeans/java/modules/ext/spring-4/spring-build-src-4.0.1.RELEASE.jar:/Applications/tmcbeans.app/Contents/Resources/tmcbeans/java/modules/ext/spring-4/spring-context-4.0.1.RELEASE.jar:/Applications/tmcbeans.app/Contents/Resources/tmcbeans/java/modules/ext/spring-4/spring-context-support-4.0.1.RELEASE.jar:/Applications/tmcbeans.app/Contents/Resources/tmcbeans/java/modules/ext/spring-4/spring-core-4.0.1.RELEASE.jar:/Applications/tmcbeans.app/Contents/Resources/tmcbeans/java/modules/ext/spring-4/spring-expression-4.0.1.RELEASE.jar:/Applications/tmcbeans.app/Contents/Resources/tmcbeans/java/modules/ext/spring-4/spring-framework-bom-4.0.1.RELEASE.jar:/Applications/tmcbeans.app/Contents/Resources/tmcbeans/java/modules/ext/spring-4/spring-instrument-4.0.1.RELEASE.jar:/Applications/tmcbeans.app/Contents/Resources/tmcbeans/java/modules/ext/spring-4/spring-instrument-tomcat-4.0.1.RELEASE.jar:/Applications/tmcbeans.app/Contents/Resources/tmcbeans/java/modules/ext/spring-4/spring-jdbc-4.0.1.RELEASE.jar:/Applications/tmcbeans.app/Contents/Resources/tmcbeans/java/modules/ext/spring-4/spring-jms-4.0.1.RELEASE.jar:/Applications/tmcbeans.app/Contents/Resources/tmcbeans/java/modules/ext/spring-4/spring-messaging-4.0.1.RELEASE.jar:/Applications/tmcbeans.app/Contents/Resources/tmcbeans/java/modules/ext/spring-4/spring-orm-4.0.1.RELEASE.jar:/Applications/tmcbeans.app/Contents/Resources/tmcbeans/java/modules/ext/spring-4/spring-oxm-4.0.1.RELEASE.jar:/Applications/tmcbeans.app/Contents/Resources/tmcbeans/java/modules/ext/spring-4/spring-test-4.0.1.RELEASE.jar:/Applications/tmcbeans.app/Contents/Resources/tmcbeans/java/modules/ext/spring-4/spring-tx-4.0.1.RELEASE.jar:/Applications/tmcbeans.app/Contents/Resources/tmcbeans/java/modules/ext/spring-4/spring-web-4.0.1.RELEASE.jar:/Applications/tmcbeans.app/Contents/Resources/tmcbeans/java/modules/ext/spring-4/spring-webmvc-4.0.1.RELEASE.jar:/Applications/tmcbeans.app/Contents/Resources/tmcbeans/java/modules/ext/spring-4/spring-webmvc-portlet-4.0.1.RELEASE.jar:/Applications/tmcbeans.app/Contents/Resources/tmcbeans/java/modules/ext/spring-4/spring-websocket-4.0.1.RELEASE.jar" />
    <property name="debug-transport" value="dt_socket" />
    <property name="netbeans.home" value="/Applications/tmcbeans.app/Contents/Resources/tmcbeans/platform" />
    <property name="build.compiler.emacs" value="true" />
    <property name="libs.javaee-web-api-6.0.src" value="" />
    <property name="libs.jsp-compilation-syscp.classpath" value="/Applications/tmcbeans.app/Contents/Resources/tmcbeans/extide/ant/lib/ant.jar:/Applications/tmcbeans.app/Contents/Resources/tmcbeans/enterprise/modules/ext/servlet3.1-jsp2.3-api.jar:/Applications/tmcbeans.app/Contents/Resources/tmcbeans/enterprise/modules/ext/glassfish-jspparser-4.0.jar:/Applications/tmcbeans.app/Contents/Resources/tmcbeans/enterprise/modules/ext/jstl-impl.jar:/Applications/tmcbeans.app/Contents/Resources/tmcbeans/enterprise/modules/ext/jsf-2_2/javax.faces.jar" />
    <property name="java.endorsed.dirs" value="/Library/Java/JavaVirtualMachines/jdk1.8.0_45.jdk/Contents/Home/jre/lib/endorsed" />
    <property name="netbeans.dynamic.classpath" value="/Applications/tmcbeans.app/Contents/Resources/tmcbeans/platform/core/core.jar:/Applications/tmcbeans.app/Contents/Resources/tmcbeans/platform/core/org-openide-filesystems.jar:/Applications/tmcbeans.app/Contents/Resources/tmcbeans/platform/core/locale/core_ja.jar:/Applications/tmcbeans.app/Contents/Resources/tmcbeans/platform/core/locale/core_pt_BR.jar:/Applications/tmcbeans.app/Contents/Resources/tmcbeans/platform/core/locale/core_ru.jar:/Applications/tmcbeans.app/Contents/Resources/tmcbeans/platform/core/locale/core_zh_CN.jar:/Applications/tmcbeans.app/Contents/Resources/tmcbeans/platform/core/locale/org-openide-filesystems_ja.jar:/Applications/tmcbeans.app/Contents/Resources/tmcbeans/platform/core/locale/org-openide-filesystems_pt_BR.jar:/Applications/tmcbeans.app/Contents/Resources/tmcbeans/platform/core/locale/org-openide-filesystems_ru.jar:/Applications/tmcbeans.app/Contents/Resources/tmcbeans/platform/core/locale/org-openide-filesystems_zh_CN.jar:/Applications/tmcbeans.app/Contents/Resources/tmcbeans/tmcbeans/core/locale/core_tmcbeans.jar:/Applications/tmcbeans.app/Contents/Resources/tmcbeans/nb/core/org-netbeans-upgrader.jar:/Applications/tmcbeans.app/Contents/Resources/tmcbeans/nb/core/locale/org-netbeans-upgrader_ja.jar:/Applications/tmcbeans.app/Contents/Resources/tmcbeans/nb/core/locale/org-netbeans-upgrader_pt_BR.jar:/Applications/tmcbeans.app/Contents/Resources/tmcbeans/nb/core/locale/org-netbeans-upgrader_ru.jar:/Applications/tmcbeans.app/Contents/Resources/tmcbeans/nb/core/locale/org-netbeans-upgrader_zh_CN.jar" />
    <property name="jnlp.enabled" value="false" />
    <property name="java.vm.specification.version" value="1.8" />
    <property name="libs.hibernate4-support.src" value="" />
    <property name="libs.primefaces.classpath" value="/Applications/tmcbeans.app/Contents/Resources/tmcbeans/enterprise/modules/ext/primefaces/primefaces-5.0.jar" />
    <property name="libs.javaee-api-6.0.classpath" value="/Applications/tmcbeans.app/Contents/Resources/tmcbeans/enterprise/modules/ext/javaee-api-6.0.jar" />
    <property name="ftp.nonProxyHosts" value="local|*.local|169.254/16|*.169.254/16" />
    <property name="file.reference.objenesis-2.1.jar" value="lib/objenesis-2.1.jar" />
    <property name="netbeans.productversion" value="Netbeans with TMC 201411181905" />
    <property name="file.reference.junit-4.11.jar" value="lib/junit-4.11.jar" />
    <property name="libs.jaxws21.src" value="" />
    <property name="application.title" value="037.PrintingOutText" />
    <property name="do.archive" value="true" />
    <property name="python.console.encoding" value="UTF-8" />
    <property name="netbeans.autoupdate.language" value="en" />
    <property name="java.vendor" value="Oracle Corporation" />
    <property name="libs.javaee-api-6.0.javadoc" value="/Applications/tmcbeans.app/Contents/Resources/tmcbeans/enterprise/docs/javaee-doc-api.jar" />
    <property name="sun.font.fontmanager" value="sun.font.CFontManager" />
    <property name="jar.index.metainf" value="false" />
    <property name="javac.debug" value="true" />
    <property name="pythonplatform.Python_2.7.10.interpreter" value="/usr/bin/python" />
    <property name="javadoc.splitindex" value="true" />
    <property name="file.separator" value="/" />
    <property name="mkdist.disabled" value="false" />
    <property name="javac.test.processorpath" value=":build/classes:lib/hamcrest-core-1.3.jar:lib/junit-4.11.jar:lib/edu-test-utils-0.4.2.jar:lib/cglib-nodep-2.2.2.jar:lib/easymock-3.2.jar:lib/javassist-3.18.2-GA.jar:lib/objenesis-2.1.jar:lib/powermock-easymock-1.5.5-full.jar" />
    <property name="netbeans.buildnumber" value="0.8.10" />
    <property name="libs.JWSAntTasks.javadoc" value="" />
    <property name="build.generated.sources.dir" value="build/generated-sources" />
    <property name="libs.eclipselinkmodelgen.classpath" value="/Applications/tmcbeans.app/Contents/Resources/tmcbeans/java/modules/ext/eclipselink/org.eclipse.persistence.jpa.modelgen_2.5.2.v20140319-9ad6abd.jar" />
    <property name="ant.file.type.037.TekstinTulostus" value="file" />
    <property name="libs.javaee-endorsed-api-7.0.src" value="" />
    <property name="sun.java.launcher" value="SUN_STANDARD" />
    <property name="libs.hibernate4-persistencemodelgen.javadoc" value="" />
    <property name="libs.jaxb.javadoc" value="/Applications/tmcbeans.app/Contents/Resources/tmcbeans/ide/docs/jaxb-api-doc.zip" />
    <property name="libs.struts.classpath" value="/Applications/tmcbeans.app/Contents/Resources/tmcbeans/enterprise/modules/ext/struts/antlr-2.7.2.jar:/Applications/tmcbeans.app/Contents/Resources/tmcbeans/enterprise/modules/ext/struts/bsf-2.3.0.jar:/Applications/tmcbeans.app/Contents/Resources/tmcbeans/enterprise/modules/ext/struts/commons-beanutils-1.8.0.jar:/Applications/tmcbeans.app/Contents/Resources/tmcbeans/enterprise/modules/ext/struts/commons-chain-1.2.jar:/Applications/tmcbeans.app/Contents/Resources/tmcbeans/enterprise/modules/ext/struts/commons-digester-1.8.jar:/Applications/tmcbeans.app/Contents/Resources/tmcbeans/enterprise/modules/ext/struts/commons-fileupload-1.1.1.jar:/Applications/tmcbeans.app/Contents/Resources/tmcbeans/enterprise/modules/ext/struts/commons-io-1.1.jar:/Applications/tmcbeans.app/Contents/Resources/tmcbeans/enterprise/modules/ext/struts/commons-logging-1.0.4.jar:/Applications/tmcbeans.app/Contents/Resources/tmcbeans/enterprise/modules/ext/struts/commons-validator-1.3.1.jar:/Applications/tmcbeans.app/Contents/Resources/tmcbeans/enterprise/modules/ext/struts/jstl-1.0.2.jar:/Applications/tmcbeans.app/Contents/Resources/tmcbeans/enterprise/modules/ext/struts/oro-2.0.8.jar:/Applications/tmcbeans.app/Contents/Resources/tmcbeans/enterprise/modules/ext/struts/standard-1.0.6.jar:/Applications/tmcbeans.app/Contents/Resources/tmcbeans/enterprise/modules/ext/struts/struts-core-1.3.10.jar:/Applications/tmcbeans.app/Contents/Resources/tmcbeans/enterprise/modules/ext/struts/struts-el-1.3.10.jar:/Applications/tmcbeans.app/Contents/Resources/tmcbeans/enterprise/modules/ext/struts/struts-extras-1.3.10.jar:/Applications/tmcbeans.app/Contents/Resources/tmcbeans/enterprise/modules/ext/struts/struts-faces-1.3.10.jar:/Applications/tmcbeans.app/Contents/Resources/tmcbeans/enterprise/modules/ext/struts/struts-mailreader-dao-1.3.10.jar:/Applications/tmcbeans.app/Contents/Resources/tmcbeans/enterprise/modules/ext/struts/struts-scripting-1.3.10.jar:/Applications/tmcbeans.app/Contents/Resources/tmcbeans/enterprise/modules/ext/struts/struts-taglib-1.3.10.jar:/Applications/tmcbeans.app/Contents/Resources/tmcbeans/enterprise/modules/ext/struts/struts-tiles-1.3.10.jar" />
    <property name="ant.home" value="/Applications/tmcbeans.app/Contents/Resources/tmcbeans/extide/ant" />
    <property name="libs.testng.classpath" value="/Applications/tmcbeans.app/Contents/Resources/tmcbeans/platform/modules/ext/testng-6.8.1-dist.jar" />
    <property name="libs.absolutelayout.maven-pom" value="" />
    <property name="ant.java.version" value="1.8" />
    <property name="java.library.path" value="/Users/keechow/Library/Java/Extensions:/Library/Java/Extensions:/Network/Library/Java/Extensions:/System/Library/Java/Extensions:/usr/lib/java:." />
    <property name="javadoc.author" value="false" />
    <property name="libs.metro.maven-pom" value="" />
    <property name="manifest.available+main.class-mkdist.available" value="true" />
    <property name="java.util.logging.config.class" value="org.netbeans.core.startup.TopLogging" />
    <property name="libs.spring-framework400.src" value="" />
    <property name="libs.PostgreSQLDriver.src" value="" />
    <property name="sun.arch.data.model" value="64" />
    <property name="basedir" value="/Users/keechow/NetBeansProjects/2013-OOProgrammingWithJava-PART1/week2-037.PrintingOutText" />
    <property name="libs.jpa20-persistence.maven-pom" value="" />
    <property name="jar.compress" value="false" />
    <property name="libs.javaee-web-api-7.0.classpath" value="/Applications/tmcbeans.app/Contents/Resources/tmcbeans/enterprise/modules/ext/javaee-web-api-7.0.jar" />
    <property name="path.separator" value=":" />
    <property name="libs.javaee-web-api-6.0.javadoc" value="/Applications/tmcbeans.app/Contents/Resources/tmcbeans/enterprise/docs/javaee-doc-api.jar" />
    <property name="ant.junit.enabletestlistenerevents" value="true" />
    <property name="pythonplatform.Python_2.7.10.pythonlib" value="/Users/keechow/Library/Application Support/tmcbeans/dev:/System/Library/Frameworks/Python.framework/Versions/2.7/lib/python27.zip:/System/Library/Frameworks/Python.framework/Versions/2.7/lib/python2.7:/System/Library/Frameworks/Python.framework/Versions/2.7/lib/python2.7/plat-darwin:/System/Library/Frameworks/Python.framework/Versions/2.7/lib/python2.7/plat-mac:/System/Library/Frameworks/Python.framework/Versions/2.7/lib/python2.7/plat-mac/lib-scriptpackages:/System/Library/Frameworks/Python.framework/Versions/2.7/Extras/lib/python:/System/Library/Frameworks/Python.framework/Versions/2.7/lib/python2.7/lib-tk:/System/Library/Frameworks/Python.framework/Versions/2.7/lib/python2.7/lib-old:/System/Library/Frameworks/Python.framework/Versions/2.7/lib/python2.7/lib-dynload:/System/Library/Frameworks/Python.framework/Versions/2.7/Extras/lib/python/PyObjC:/Library/Python/2.7/site-packages" />
    <property name="sun.io.unicode.encoding" value="UnicodeBig" />
    <property name="libs.jaxws21.classpath" value="/Applications/tmcbeans.app/Contents/Resources/tmcbeans/ide/modules/ext/jaxb/jaxb-impl.jar:/Applications/tmcbeans.app/Contents/Resources/tmcbeans/ide/modules/ext/jaxb/jaxb-xjc.jar:/Applications/tmcbeans.app/Contents/Resources/tmcbeans/java/modules/ext/jaxws22/FastInfoset.jar:/Applications/tmcbeans.app/Contents/Resources/tmcbeans/java/modules/ext/jaxws22/gmbal-api-only.jar:/Applications/tmcbeans.app/Contents/Resources/tmcbeans/java/modules/ext/jaxws22/ha-api.jar:/Applications/tmcbeans.app/Contents/Resources/tmcbeans/java/modules/ext/jaxws22/javax.mail_1.4.jar:/Applications/tmcbeans.app/Contents/Resources/tmcbeans/java/modules/ext/jaxws22/jaxws-rt.jar:/Applications/tmcbeans.app/Contents/Resources/tmcbeans/java/modules/ext/jaxws22/jaxws-tools.jar:/Applications/tmcbeans.app/Contents/Resources/tmcbeans/java/modules/ext/jaxws22/management-api.jar:/Applications/tmcbeans.app/Contents/Resources/tmcbeans/java/modules/ext/jaxws22/mimepull.jar:/Applications/tmcbeans.app/Contents/Resources/tmcbeans/java/modules/ext/jaxws22/policy.jar:/Applications/tmcbeans.app/Contents/Resources/tmcbeans/java/modules/ext/jaxws22/saaj-impl.jar:/Applications/tmcbeans.app/Contents/Resources/tmcbeans/java/modules/ext/jaxws22/stax-ex.jar:/Applications/tmcbeans.app/Contents/Resources/tmcbeans/java/modules/ext/jaxws22/stax2-api.jar:/Applications/tmcbeans.app/Contents/Resources/tmcbeans/java/modules/ext/jaxws22/streambuffer.jar:/Applications/tmcbeans.app/Contents/Resources/tmcbeans/java/modules/ext/jaxws22/woodstox-core-asl.jar:/Applications/tmcbeans.app/Contents/Resources/tmcbeans/java/modules/ext/jaxws22/api/jaxws-api.jar:/Applications/tmcbeans.app/Contents/Resources/tmcbeans/java/modules/ext/jaxws22/api/jsr181-api.jar:/Applications/tmcbeans.app/Contents/Resources/tmcbeans/java/modules/ext/jaxws22/api/javax.annotation.jar:/Applications/tmcbeans.app/Contents/Resources/tmcbeans/java/modules/ext/jaxws22/api/saaj-api.jar:/Applications/tmcbeans.app/Contents/Resources/tmcbeans/ide/modules/ext/jaxb/activation.jar:/Applications/tmcbeans.app/Contents/Resources/tmcbeans/ide/modules/ext/jaxb/api/jaxb-api.jar:/Applications/tmcbeans.app/Contents/Resources/tmcbeans/ide/modules/ext/jaxb/api/jsr173_1.0_api.jar" />
    <property name="libs.struts.src" value="" />
    <property name="apple.awt.graphics.UseQuartz" value="true" />
    <property name="user.language" value="en" />
    <property name="libs.JAXB-ENDORSED.maven-pom" value="" />
    <property name="libs.eclipselink.maven-pom" value="" />
    <property name="application.vendor" value="" />
    <property name="manifest.available" value="true" />
    <property name="libs.primefaces.javadoc" value="" />
    <property name="libs.spring-framework300.maven-pom" value="" />
    <property name="run.test.classpath" value=":build/classes:lib/hamcrest-core-1.3.jar:lib/junit-4.11.jar:lib/edu-test-utils-0.4.2.jar:lib/cglib-nodep-2.2.2.jar:lib/easymock-3.2.jar:lib/javassist-3.18.2-GA.jar:lib/objenesis-2.1.jar:lib/powermock-easymock-1.5.5-full.jar:build/test/classes" />
    <property name="ant.project.invoked-targets" value="test" />
    <property name="libs.swing-layout.javadoc" value="/Applications/tmcbeans.app/Contents/Resources/tmcbeans/platform/docs/swing-layout-1.0.4-doc.zip" />
    <property name="libs.hibernate4-persistence.maven-pom" value="" />
    <property name="gopherProxySet" value="false" />
    <property name="https.nonProxyHosts" value="localhost|127.0.0.1|KEEs-MacBook-Pro.local" />
    <property name="libs.PostgreSQLDriver.maven-pom" value="" />
    <property name="java.class.version" value="52.0" />
    <property name="libs.hibernate4-persistencemodelgen.maven-pom" value="" />
    <property name="libs.javaee-endorsed-api-6.0.src" value="" />
    <property name="libs.eclipselink.javadoc" value="/Applications/tmcbeans.app/Contents/Resources/tmcbeans/java/modules/ext/docs/javax.persistence-2.1.0-doc.zip" />
    <property name="libs.jsp-compilation.maven-pom" value="" />
    <property name="user.properties.file" value="/Users/keechow/Library/Application Support/tmcbeans/dev/build.properties" />
    <property name="runtime.encoding" value="UTF-8" />
    <property name="libs.javac-api.maven-pom" value="" />
    <property name="file.encoding.pkg" value="sun.io" />
    <property name="sun.cpu.endian" value="little" />
    <property name="libs.JAXB-ENDORSED.javadoc" value="" />
    <property name="libs.JWSAntTasks.classpath" value="/Applications/tmcbeans.app/Contents/Resources/tmcbeans/java/ant/extra/org-netbeans-modules-javawebstart-anttasks.jar" />
    <property name="libs.spring-webmvc4.0.maven-pom" value="" />
    <property name="libs.spring-framework300.src" value="" />
    <property name="libs.jstl.src" value="" />
    <property name="empty.dir" value="/Users/keechow/NetBeansProjects/2013-OOProgrammingWithJava-PART1/week2-037.PrintingOutText/build/empty" />
    <property name="file.reference.powermock-easymock-1.5.5-full.jar" value="lib/powermock-easymock-1.5.5-full.jar" />
    <property name="version-output" value="java version &quot;1.8" />
    <property name="libs.hibernate4-persistencemodelgen.src" value="" />
    <property name="javadoc.preview" value="true" />
    <property name="socksNonProxyHosts" value="local|*.local|169.254/16|*.169.254/16" />
    <property name="libs.jpa20-persistence.javadoc" value="/Applications/tmcbeans.app/Contents/Resources/tmcbeans/java/modules/ext/docs/javax.persistence-2.1.0-doc.zip" />
    <property name="java.home" value="/Library/Java/JavaVirtualMachines/jdk1.8.0_45.jdk/Contents/Home/jre" />
    <property name="libs.jsp-compilation.src" value="" />
    <property name="debug.test.classpath" value=":build/classes:lib/hamcrest-core-1.3.jar:lib/junit-4.11.jar:lib/edu-test-utils-0.4.2.jar:lib/cglib-nodep-2.2.2.jar:lib/easymock-3.2.jar:lib/javassist-3.18.2-GA.jar:lib/objenesis-2.1.jar:lib/powermock-easymock-1.5.5-full.jar:build/test/classes" />
    <property name="libs.javaee-endorsed-api-6.0.classpath" value="/Applications/tmcbeans.app/Contents/Resources/tmcbeans/enterprise/modules/ext/javaee6-endorsed/javax.annotation.jar:/Applications/tmcbeans.app/Contents/Resources/tmcbeans/enterprise/modules/ext/javaee6-endorsed/jaxb-api-osgi.jar:/Applications/tmcbeans.app/Contents/Resources/tmcbeans/enterprise/modules/ext/javaee6-endorsed/webservices-api-osgi.jar" />
    <property name="libs.javaee-api-6.0.src" value="" />
    <property name="ant.project.default-target" value="default" />
    <property name="annotation.processing.run.all.processors" value="true" />
    <property name="jar.archive.disabled" value="false" />
    <property name="jnlp.signing.alias" value="" />
    <property name="libs.PostgreSQLDriver.javadoc" value="" />
    <property name="libs.restlib.classpath" value="/Applications/tmcbeans.app/Contents/Resources/tmcbeans/enterprise/modules/ext/jersey2/ext/asm-all-repackaged-2.2.0-b21.jar:/Applications/tmcbeans.app/Contents/Resources/tmcbeans/enterprise/modules/ext/jersey2/ext/cglib-2.2.0-b21.jar:/Applications/tmcbeans.app/Contents/Resources/tmcbeans/enterprise/modules/ext/jersey2/ext/guava-14.0.1.jar:/Applications/tmcbeans.app/Contents/Resources/tmcbeans/enterprise/modules/ext/jersey2/ext/hk2-api-2.2.0-b21.jar:/Applications/tmcbeans.app/Contents/Resources/tmcbeans/enterprise/modules/ext/jersey2/ext/hk2-locator-2.2.0-b21.jar:/Applications/tmcbeans.app/Contents/Resources/tmcbeans/enterprise/modules/ext/jersey2/ext/hk2-utils-2.2.0-b21.jar:/Applications/tmcbeans.app/Contents/Resources/tmcbeans/enterprise/modules/ext/jersey2/ext/javax.annotation-api-1.2.jar:/Applications/tmcbeans.app/Contents/Resources/tmcbeans/enterprise/modules/ext/jersey2/ext/javax.inject-2.2.0-b21.jar:/Applications/tmcbeans.app/Contents/Resources/tmcbeans/enterprise/modules/ext/jersey2/ext/javax.servlet-api-3.0.1.jar:/Applications/tmcbeans.app/Contents/Resources/tmcbeans/enterprise/modules/ext/jersey2/ext/jaxb-api-2.2.7.jar:/Applications/tmcbeans.app/Contents/Resources/tmcbeans/enterprise/modules/ext/jersey2/ext/jersey-entity-filtering-2.5.1.jar:/Applications/tmcbeans.app/Contents/Resources/tmcbeans/enterprise/modules/ext/jersey2/ext/jersey-media-moxy-2.5.1.jar:/Applications/tmcbeans.app/Contents/Resources/tmcbeans/enterprise/modules/ext/jersey2/ext/org.osgi.core-4.2.0.jar:/Applications/tmcbeans.app/Contents/Resources/tmcbeans/enterprise/modules/ext/jersey2/ext/osgi-resource-locator-1.0.1.jar:/Applications/tmcbeans.app/Contents/Resources/tmcbeans/enterprise/modules/ext/jersey2/ext/persistence-api-1.0.jar:/Applications/tmcbeans.app/Contents/Resources/tmcbeans/enterprise/modules/ext/jersey2/ext/validation-api-1.1.0.Final.jar:/Applications/tmcbeans.app/Contents/Resources/tmcbeans/enterprise/modules/ext/jersey2/jersey-client.jar:/Applications/tmcbeans.app/Contents/Resources/tmcbeans/enterprise/modules/ext/jersey2/jersey-common.jar:/Applications/tmcbeans.app/Contents/Resources/tmcbeans/enterprise/modules/ext/jersey2/jersey-container-servlet.jar:/Applications/tmcbeans.app/Contents/Resources/tmcbeans/enterprise/modules/ext/jersey2/jersey-container-servlet-core.jar:/Applications/tmcbeans.app/Contents/Resources/tmcbeans/enterprise/modules/ext/jersey2/jersey-server.jar:/Applications/tmcbeans.app/Contents/Resources/tmcbeans/java/modules/ext/eclipselink/eclipselink.jar" />
    <property name="libs.MySQLDriver.maven-pom" value="" />
    <property name="libs.hibernate4-persistence.javadoc" value="/Applications/tmcbeans.app/Contents/Resources/tmcbeans/java/modules/ext/docs/javax.persistence-2.1.0-doc.zip" />
    <property name="http.nonProxyHosts" value="local|*.local|169.254/16|*.169.254/16" />
    <property name="libs.javaee-web-api-6.0.maven-pom" value="" />
    <property name="run.classpath" value=":build/classes" />
    <property name="jna.boot.library.name" value="jnidispatch-410" />
    <property name="libs.javaee-endorsed-api-6.0.javadoc" value="/Applications/tmcbeans.app/Contents/Resources/tmcbeans/enterprise/docs/javaee-doc-api.jar" />
    <property name="libs.javaee-api-7.0.classpath" value="/Applications/tmcbeans.app/Contents/Resources/tmcbeans/enterprise/modules/ext/javaee-api-7.0.jar" />
    <property name="sun.awt.datatransfer.timeout" value="1000" />
    <property name="libs.spring-webmvc3.0.javadoc" value="" />
    <property name="libs.jpa2-persistence.maven-pom" value="" />
    <property name="annotation.processing.enabled.in.editor" value="false" />
    <property name="libs.hibernate4-support.classpath" value="/Applications/tmcbeans.app/Contents/Resources/tmcbeans/java/modules/ext/hibernate4/antlr-2.7.7.jar:/Applications/tmcbeans.app/Contents/Resources/tmcbeans/java/modules/ext/hibernate4/c3p0-0.9.2.1.jar:/Applications/tmcbeans.app/Contents/Resources/tmcbeans/java/modules/ext/hibernate4/hibernate-c3p0-4.3.1.Final.jar:/Applications/tmcbeans.app/Contents/Resources/tmcbeans/java/modules/ext/hibernate4/mchange-commons-java-0.2.3.4.jar:/Applications/tmcbeans.app/Contents/Resources/tmcbeans/java/modules/ext/hibernate4/dom4j-1.6.1.jar:/Applications/tmcbeans.app/Contents/Resources/tmcbeans/java/modules/ext/hibernate4/ehcache-core-2.4.3.jar:/Applications/tmcbeans.app/Contents/Resources/tmcbeans/java/modules/ext/hibernate4/hibernate-ehcache-4.3.1.Final.jar:/Applications/tmcbeans.app/Contents/Resources/tmcbeans/java/modules/ext/hibernate4/hibernate-core-4.3.1.Final.jar:/Applications/tmcbeans.app/Contents/Resources/tmcbeans/java/modules/ext/hibernate4/jboss-logging-3.1.3.GA.jar:/Applications/tmcbeans.app/Contents/Resources/tmcbeans/java/modules/ext/hibernate4/hibernate-commons-annotations-4.0.4.Final.jar:/Applications/tmcbeans.app/Contents/Resources/tmcbeans/java/modules/ext/hibernate4/hibernate-entitymanager-4.3.1.Final.jar:/Applications/tmcbeans.app/Contents/Resources/tmcbeans/java/modules/ext/hibernate4/javassist-3.18.1-GA.jar:/Applications/tmcbeans.app/Contents/Resources/tmcbeans/java/modules/ext/hibernate4/jboss-transaction-api_1.2_spec-1.0.0.Final.jar:/Applications/tmcbeans.app/Contents/Resources/tmcbeans/java/modules/ext/hibernate4/slf4j-api-1.6.1.jar:/Applications/tmcbeans.app/Contents/Resources/tmcbeans/java/modules/ext/hibernate4/slf4j-simple-1.6.1.jar" />
    <property name="nb.native.filechooser" value="false" />
    <property name="libs.restapi.src" value="" />
    <property name="sun.management.compiler" value="HotSpot 64-Bit Tiered Compilers" />
    <property name="javac.deprecation" value="false" />
    <property name="javadoc.use" value="true" />
    <property name="sun.java2d.noddraw" value="true" />
    <property name="libs.jsp-compiler.classpath" value="/Applications/tmcbeans.app/Contents/Resources/tmcbeans/enterprise/ant/extra/jspcompile.jar" />
    <property name="javac.processorpath" value="" />
    <property name="ant.file.037.TekstinTulostus" value="/Users/keechow/NetBeansProjects/2013-OOProgrammingWithJava-PART1/week2-037.PrintingOutText/build.xml" />
    <property name="javac.compilerargs" value="" />
    <property name="ant.file" value="/Users/keechow/NetBeansProjects/2013-OOProgrammingWithJava-PART1/week2-037.PrintingOutText/build.xml" />
    <property name="libs.beans-binding.maven-pom" value="" />
    <property name="jnlp.codebase.type" value="no.codebase" />
    <property name="libs.hibernate4-support.javadoc" value="/Applications/tmcbeans.app/Contents/Resources/tmcbeans/java/modules/ext/docs/javax.persistence-2.1.0-doc.zip" />
    <property name="libs.jsf12.classpath" value="/Applications/tmcbeans.app/Contents/Resources/tmcbeans/enterprise/modules/ext/jsf-1_2/commons-beanutils.jar:/Applications/tmcbeans.app/Contents/Resources/tmcbeans/enterprise/modules/ext/jsf-1_2/commons-collections.jar:/Applications/tmcbeans.app/Contents/Resources/tmcbeans/enterprise/modules/ext/jsf-1_2/commons-digester.jar:/Applications/tmcbeans.app/Contents/Resources/tmcbeans/enterprise/modules/ext/jsf-1_2/commons-logging.jar:/Applications/tmcbeans.app/Contents/Resources/tmcbeans/enterprise/modules/ext/jsf-1_2/jsf-api.jar:/Applications/tmcbeans.app/Contents/Resources/tmcbeans/enterprise/modules/ext/jsf-1_2/jsf-impl.jar" />
    <property name="libs.jstl.maven-pom" value="" />
    <property name="libs.restapi.maven-pom" value="" />
    <property name="libs.beans-binding.src" value="" />
    <property name="java.vm.specification.vendor" value="Oracle Corporation" />
    <property name="libs.swing-layout.src" value="/Applications/tmcbeans.app/Contents/Resources/tmcbeans/platform/docs/swing-layout-1.0.4-src.zip" />
    <property name="org.openide.major.version" value="IDE/1" />
    <property name="java.vm.name" value="Java HotSpot(TM) 64-Bit Server VM" />
    <property name="netbeans.user" value="/Users/keechow/Library/Application Support/tmcbeans/dev" />
    <property name="javadoc.additionalparam" value="" />
    <property name="jnlp.offline-allowed" value="false" />
    <property name="java.io.tmpdir" value="/var/folders/q2/x3tsf721781dffd2lyhk8w600000gn/T/" />
    <property name="java.vendor.url" value="http://java.oracle.com/" />
    <property name="endorsed.classpath.cmd.line.arg" value="" />
    <property name="libs.jsp-compiler.src" value="" />
    <property name="sun.boot.library.path" value="/Library/Java/JavaVirtualMachines/jdk1.8.0_45.jdk/Contents/Home/jre/lib" />
    <property name="have.sources" value="true" />
    <property name="debug.classpath" value=":build/classes" />
    <property name="javadoc.private" value="false" />
    <property name="test.src.dir" value="test" />
    <property name="libs.jsf20.classpath" value="/Applications/tmcbeans.app/Contents/Resources/tmcbeans/enterprise/modules/ext/jsf-2_2/javax.faces.jar" />
    <property name="ap.processors.internal" value="" />
    <property name="meta.inf.dir" value="src/META-INF" />
    <property name="javadoc.encoding.used" value="UTF-8" />
    <property name="dist.jar" value="dist/037.PrintingOutText.jar" />
    <property name="file.reference.easymock-3.2.jar" value="lib/easymock-3.2.jar" />
    <property name="libs.spring-framework400.maven-pom" value="" />
    <property name="java.runtime.name" value="Java(TM) SE Runtime Environment" />
    <property name="ant.project.name" value="037.TekstinTulostus" />
    <property name="netbeans.hash.code" value="unique=053de3ccd-2307-47d2-a638-340ce7bf4e80" />
    <property name="libs.jsp-compilation-syscp.maven-pom" value="" />
    <property name="manifest.available-mkdist.available" value="true" />
    <property name="sun.cpu.isalist" value="" />
    <property name="libs.spring-framework400.javadoc" value="" />
    <property name="libs.CopyLibs.javadoc" value="" />
    <property name="org.openide.specification.version" value="6.2" />
    <property name="user.home" value="/Users/keechow" />
    <property name="annotation.processing.processors.list" value="" />
    <property name="libs.primefaces.maven-pom" value="" />
    <property name="debug-args-line" value="-Xdebug" />
    <property name="libs.javaee-api-6.0.maven-pom" value="" />
    <property name="libs.JWSAntTasks.src" value="" />
    <property name="jar.index" value="false" />
    <property name="libs.CopyLibs.maven-pom" value="" />
    <property name="libs.spring-framework300.javadoc" value="" />
    <property name="libs.absolutelayout.javadoc" value="" />
    <property name="java.specification.name" value="Java Platform API Specification" />
    <property name="jnlp.mixed.code" value="default" />
    <property name="java.specification.vendor" value="Oracle Corporation" />
    <property name="libs.javac-api.classpath" value="/Applications/tmcbeans.app/Contents/Resources/tmcbeans/java/modules/ext/nb-javac-api.jar" />
    <property name="java.version" value="1.8.0_45" />
    <property name="javadoc.version" value="false" />
    <property name="libs.MySQLDriver.javadoc" value="" />
    <property name="org.openide.version" value="deprecated" />
    <property name="source.encoding" value="UTF-8" />
    <property name="ap.cmd.line.internal" value="" />
    <property name="libs.eclipselinkmodelgen.maven-pom" value="" />
    <property name="libs.jsp-compilation-syscp.javadoc" value="" />
    <property name="libs.eclipselinkmodelgen.javadoc" value="" />
    <property name="libs.javaee-endorsed-api-7.0.classpath" value="/Applications/tmcbeans.app/Contents/Resources/tmcbeans/enterprise/modules/ext/javaee7-endorsed/javax.annotation-api.jar:/Applications/tmcbeans.app/Contents/Resources/tmcbeans/enterprise/modules/ext/javaee7-endorsed/javax.xml.soap-api.jar:/Applications/tmcbeans.app/Contents/Resources/tmcbeans/enterprise/modules/ext/javaee7-endorsed/jaxb-api-osgi.jar:/Applications/tmcbeans.app/Contents/Resources/tmcbeans/enterprise/modules/ext/javaee7-endorsed/jaxws-api.jar:/Applications/tmcbeans.app/Contents/Resources/tmcbeans/enterprise/modules/ext/javaee7-endorsed/jsr181-api.jar" />
    <property name="libs.metro.javadoc" value="/Applications/tmcbeans.app/Contents/Resources/tmcbeans/enterprise/docs/metro-1.4-doc.zip" />
    <property name="libs.struts.maven-pom" value="" />
    <property name="netbeans.home+have.tests" value="true" />
    <property name="annotation.processing.processor.options" value="" />
    <property name="libs.testng.maven-pom" value="" />
    <property name="libs.jaxb.src" value="" />
    <property name="work.dir" value="/Users/keechow/NetBeansProjects/2013-OOProgrammingWithJava-PART1/week2-037.PrintingOutText" />
    <property name="libs.jaxb.classpath" value="/Applications/tmcbeans.app/Contents/Resources/tmcbeans/ide/modules/ext/jaxb/jaxb-impl.jar:/Applications/tmcbeans.app/Contents/Resources/tmcbeans/ide/modules/ext/jaxb/jaxb-xjc.jar:/Applications/tmcbeans.app/Contents/Resources/tmcbeans/ide/modules/ext/jaxb/jaxb1-impl.jar:/Applications/tmcbeans.app/Contents/Resources/tmcbeans/ide/modules/ext/jaxb/activation.jar:/Applications/tmcbeans.app/Contents/Resources/tmcbeans/ide/modules/ext/jaxb/api/jaxb-api.jar:/Applications/tmcbeans.app/Contents/Resources/tmcbeans/ide/modules/ext/jaxb/api/jsr173_1.0_api.jar" />
    <property name="php.global.include.path" value="" />
    <property name="do.depend" value="false" />
    <property name="dist.javadoc.dir" value="dist/javadoc" />
    <property name="libs.swing-layout.classpath" value="/Applications/tmcbeans.app/Contents/Resources/tmcbeans/platform/modules/ext/swing-layout-1.0.4.jar" />
    <property name="libs.spring-webmvc3.0.classpath" value="/Applications/tmcbeans.app/Contents/Resources/tmcbeans/java/modules/ext/spring-3.0/spring-webmvc-3.2.7.RELEASE.jar" />
    <property name="libs.javaee-web-api-7.0.maven-pom" value="" />
    <property name="ant.file.type.037.TekstinTulostus-impl" value="file" />
    <property name="libs.restlib.src" value="" />
    <property name="build.generated.dir" value="build/generated" />
    <property name="javac.source" value="1.6" />
    <property name="line.separator" value="&#xa;" />
    <property name="java.specification.version" value="1.8" />
    <property name="pythonplatform.Python_2.7.10.args" value="-u" />
    <property name="libs.jaxws21.maven-pom" value="" />
    <property name="java.vm.info" value="mixed mode" />
    <property name="junit.forkmode" value="perTest" />
    <property name="user.country.format" value="MY" />
    <property name="file.reference.hamcrest-core-1.3.jar" value="lib/hamcrest-core-1.3.jar" />
    <property name="sun.boot.class.path" value="/Library/Java/JavaVirtualMachines/jdk1.8.0_45.jdk/Contents/Home/jre/lib/resources.jar:/Library/Java/JavaVirtualMachines/jdk1.8.0_45.jdk/Contents/Home/jre/lib/rt.jar:/Library/Java/JavaVirtualMachines/jdk1.8.0_45.jdk/Contents/Home/jre/lib/sunrsasign.jar:/Library/Java/JavaVirtualMachines/jdk1.8.0_45.jdk/Contents/Home/jre/lib/jsse.jar:/Library/Java/JavaVirtualMachines/jdk1.8.0_45.jdk/Contents/Home/jre/lib/jce.jar:/Library/Java/JavaVirtualMachines/jdk1.8.0_45.jdk/Contents/Home/jre/lib/charsets.jar:/Library/Java/JavaVirtualMachines/jdk1.8.0_45.jdk/Contents/Home/jre/lib/jfr.jar:/Library/Java/JavaVirtualMachines/jdk1.8.0_45.jdk/Contents/Home/jre/classes" />
    <property name="javac.target" value="1.6" />
    <property name="built-jar.properties" value="/Users/keechow/NetBeansProjects/2013-OOProgrammingWithJava-PART1/week2-037.PrintingOutText/build/built-jar.properties" />
    <property name="file.reference.javassist-3.18.2-GA.jar" value="lib/javassist-3.18.2-GA.jar" />
    <property name="build.test.classes.dir" value="build/test/classes" />
    <property name="src.dir" value="src" />
    <property name="libs.jpa2-persistence.src" value="" />
    <property name="annotation.processing.enabled" value="true" />
    <property name="libs.jsf20.src" value="" />
    <property name="libs.jpa20-persistence.src" value="" />
    <property name="libs.jsf12.src" value="" />
    <property name="libs.struts.javadoc" value="/Applications/tmcbeans.app/Contents/Resources/tmcbeans/enterprise/docs/struts-1.3.10-javadoc.zip" />
    <property name="ignore.failing.tests" value="true" />
    <property name="libs.javaee-web-api-7.0.src" value="" />
    <property name="libs.primefaces.src" value="" />
    <property name="dist.dir" value="dist" />
    <property name="javac.fork" value="false" />
    <property name="java.awt.printerjob" value="sun.lwawt.macosx.CPrinterJob" />
    <property name="default.javac.source" value="1.8" />
    <property name="debug-transport-by-os" value="dt_socket" />
    <property name="sun.jnu.encoding" value="UTF-8" />
    <property name="file.reference.cglib-nodep-2.2.2.jar" value="lib/cglib-nodep-2.2.2.jar" />
    <property name="libs.MySQLDriver.src" value="" />
    <property name="java.runtime.version" value="1.8.0_45-b14" />
    <property name="build.test.results.dir" value="build/test/results" />
    <property name="jna.platform.library.path" value="/usr/lib:/usr/lib" />
    <property name="default.javac.target" value="1.8" />
    <property name="user.timezone" value="Asia/Kuala_Lumpur" />
    <property name="libs.javaee-endorsed-api-6.0.maven-pom" value="" />
    <property name="netbeans.dirs" value="/Applications/tmcbeans.app/Contents/Resources/tmcbeans/tmcbeans:/Applications/tmcbeans.app/Contents/Resources/tmcbeans/cnd:/Applications/tmcbeans.app/Contents/Resources/tmcbeans/dlight:/Applications/tmcbeans.app/Contents/Resources/tmcbeans/enterprise:/Applications/tmcbeans.app/Contents/Resources/tmcbeans/extide:/Applications/tmcbeans.app/Contents/Resources/tmcbeans/harness:/Applications/tmcbeans.app/Contents/Resources/tmcbeans/ide:/Applications/tmcbeans.app/Contents/Resources/tmcbeans/java:/Applications/tmcbeans.app/Contents/Resources/tmcbeans/javafx:/Applications/tmcbeans.app/Contents/Resources/tmcbeans/nb:/Applications/tmcbeans.app/Contents/Resources/tmcbeans/php:/Applications/tmcbeans.app/Contents/Resources/tmcbeans/webcommon:/Applications/tmcbeans.app/Contents/Resources/tmcbeans/websvccommon:/Applications/tmcbeans.app/Contents/Resources/tmcbeans/mavenmodules:" />
    <property name="libs.jsf20.javadoc" value="/Applications/tmcbeans.app/Contents/Resources/tmcbeans/enterprise/docs/javaee-doc-api.jar" />
    <property name="libs.jstl.javadoc" value="/Applications/tmcbeans.app/Contents/Resources/tmcbeans/enterprise/docs/javaee-doc-api.jar" />
    <property name="java.ext.dirs" value="/Users/keechow/Library/Java/Extensions:/Library/Java/JavaVirtualMachines/jdk1.8.0_45.jdk/Contents/Home/jre/lib/ext:/Library/Java/Extensions:/Network/Library/Java/Extensions:/System/Library/Java/Extensions:/usr/lib/java" />
    <property name="libs.metro.src" value="" />
    <property name="endorsed.classpath" value="" />
    <property name="libs.absolutelayout.classpath" value="/Applications/tmcbeans.app/Contents/Resources/tmcbeans/java/modules/ext/AbsoluteLayout.jar" />
    <property name="excludes" value="" />
    <property name="libs.metro.classpath" value="/Applications/tmcbeans.app/Contents/Resources/tmcbeans/ide/modules/ext/jaxb/activation.jar:/Applications/tmcbeans.app/Contents/Resources/tmcbeans/enterprise/modules/ext/metro/webservices-api.jar:/Applications/tmcbeans.app/Contents/Resources/tmcbeans/enterprise/modules/ext/metro/webservices-extra-api.jar:/Applications/tmcbeans.app/Contents/Resources/tmcbeans/enterprise/modules/ext/metro/webservices-extra.jar:/Applications/tmcbeans.app/Contents/Resources/tmcbeans/enterprise/modules/ext/metro/webservices-rt.jar:/Applications/tmcbeans.app/Contents/Resources/tmcbeans/enterprise/modules/ext/metro/webservices-tools.jar" />
    <property name="libs.restlib.maven-pom" value="" />
    <property name="libs.jpa2-persistence.javadoc" value="/Applications/tmcbeans.app/Contents/Resources/tmcbeans/java/modules/ext/docs/javax.persistence-2.1.0-doc.zip" />
    <property name="apple.laf.useScreenMenuBar" value="true" />
    <property name="java.class.path" value="/Users/keechow/NetBeansProjects/2013-OOProgrammingWithJava-PART1/week2-037.PrintingOutText/build/classes:/Users/keechow/NetBeansProjects/2013-OOProgrammingWithJava-PART1/week2-037.PrintingOutText/lib/hamcrest-core-1.3.jar:/Users/keechow/NetBeansProjects/2013-OOProgrammingWithJava-PART1/week2-037.PrintingOutText/lib/junit-4.11.jar:/Users/keechow/NetBeansProjects/2013-OOProgrammingWithJava-PART1/week2-037.PrintingOutText/lib/edu-test-utils-0.4.2.jar:/Users/keechow/NetBeansProjects/2013-OOProgrammingWithJava-PART1/week2-037.PrintingOutText/lib/cglib-nodep-2.2.2.jar:/Users/keechow/NetBeansProjects/2013-OOProgrammingWithJava-PART1/week2-037.PrintingOutText/lib/easymock-3.2.jar:/Users/keechow/NetBeansProjects/2013-OOProgrammingWithJava-PART1/week2-037.PrintingOutText/lib/javassist-3.18.2-GA.jar:/Users/keechow/NetBeansProjects/2013-OOProgrammingWithJava-PART1/week2-037.PrintingOutText/lib/objenesis-2.1.jar:/Users/keechow/NetBeansProjects/2013-OOProgrammingWithJava-PART1/week2-037.PrintingOutText/lib/powermock-easymock-1.5.5-full.jar:/Users/keechow/NetBeansProjects/2013-OOProgrammingWithJava-PART1/week2-037.PrintingOutText/build/test/classes:/Applications/tmcbeans.app/Contents/Resources/tmcbeans/extide/ant/lib/ant-launcher.jar:/Applications/tmcbeans.app/Contents/Resources/tmcbeans/extide/ant/lib/ant.jar:/Applications/tmcbeans.app/Contents/Resources/tmcbeans/extide/ant/lib/ant-junit.jar:/Applications/tmcbeans.app/Contents/Resources/tmcbeans/extide/ant/lib/ant-junit4.jar" />
    <property name="ant.file.037.TekstinTulostus-impl" value="/Users/keechow/NetBeansProjects/2013-OOProgrammingWithJava-PART1/week2-037.PrintingOutText/nbproject/build-impl.xml" />
    <property name="pythonplatform.Python_2.7.10.name" value="Python 2.7.10" />
    <property name="do.mkdist" value="true" />
    <property name="libs.absolutelayout.src" value="" />
    <property name="libs.jpa20-persistence.classpath" value="/Applications/tmcbeans.app/Contents/Resources/tmcbeans/java/modules/ext/eclipselink/javax.persistence_2.1.0.v201304241213.jar" />
    <property name="os.version" value="10.11" />
    <property name="application.args" value="" />
    <property name="libs.javaee-api-7.0.maven-pom" value="" />
    <property name="sun.awt.enableExtraMouseButtons" value="true" />
    <property name="libs.hibernate4-persistence.src" value="" />
    <property name="libs.hibernate4-support.maven-pom" value="" />
    <property name="libs.restlib.javadoc" value="" />
    <property name="libs.JAXB-ENDORSED.classpath" value="/Applications/tmcbeans.app/Contents/Resources/tmcbeans/ide/modules/ext/jaxb/api/jaxb-api.jar" />
    <property name="nb.internal.action.name" value="test" />
    <property name="libs.javaee-api-7.0.javadoc" value="/Applications/tmcbeans.app/Contents/Resources/tmcbeans/enterprise/docs/javaee-doc-api.jar" />
    <property name="libs.eclipselink.classpath" value="/Applications/tmcbeans.app/Contents/Resources/tmcbeans/java/modules/ext/eclipselink/eclipselink.jar:/Applications/tmcbeans.app/Contents/Resources/tmcbeans/java/modules/ext/eclipselink/javax.persistence_2.1.0.v201304241213.jar:/Applications/tmcbeans.app/Contents/Resources/tmcbeans/java/modules/ext/eclipselink/org.eclipse.persistence.jpa.jpql_2.5.2.v20140319-9ad6abd.jar" />
    <property name="java.awt.graphicsenv" value="sun.awt.CGraphicsEnvironment" />
    <property name="libs.beans-binding.javadoc" value="/Applications/tmcbeans.app/Contents/Resources/tmcbeans/java/docs/beansbinding-1.2.1-doc.zip" />
    <property name="java.vm.vendor" value="Oracle Corporation" />
    <property name="libs.CopyLibs.classpath" value="/Applications/tmcbeans.app/Contents/Resources/tmcbeans/java/ant/extra/org-netbeans-modules-java-j2seproject-copylibstask.jar" />
    <property name="libs.spring-framework300.classpath" value="/Applications/tmcbeans.app/Contents/Resources/tmcbeans/ide/modules/org-apache-commons-logging.jar:/Applications/tmcbeans.app/Contents/Resources/tmcbeans/java/modules/ext/cglib-2.2.jar:/Applications/tmcbeans.app/Contents/Resources/tmcbeans/java/modules/ext/spring-3.0/spring-aop-3.2.7.RELEASE.jar:/Applications/tmcbeans.app/Contents/Resources/tmcbeans/java/modules/ext/spring-3.0/spring-aspects-3.2.7.RELEASE.jar:/Applications/tmcbeans.app/Contents/Resources/tmcbeans/java/modules/ext/spring-3.0/spring-beans-3.2.7.RELEASE.jar:/Applications/tmcbeans.app/Contents/Resources/tmcbeans/java/modules/ext/spring-3.0/spring-build-src-3.2.7.RELEASE.jar:/Applications/tmcbeans.app/Contents/Resources/tmcbeans/java/modules/ext/spring-3.0/spring-context-3.2.7.RELEASE.jar:/Applications/tmcbeans.app/Contents/Resources/tmcbeans/java/modules/ext/spring-3.0/spring-context-support-3.2.7.RELEASE.jar:/Applications/tmcbeans.app/Contents/Resources/tmcbeans/java/modules/ext/spring-3.0/spring-core-3.2.7.RELEASE.jar:/Applications/tmcbeans.app/Contents/Resources/tmcbeans/java/modules/ext/spring-3.0/spring-expression-3.2.7.RELEASE.jar:/Applications/tmcbeans.app/Contents/Resources/tmcbeans/java/modules/ext/spring-3.0/spring-framework-bom-3.2.7.RELEASE.jar:/Applications/tmcbeans.app/Contents/Resources/tmcbeans/java/modules/ext/spring-3.0/spring-instrument-3.2.7.RELEASE.jar:/Applications/tmcbeans.app/Contents/Resources/tmcbeans/java/modules/ext/spring-3.0/spring-instrument-tomcat-3.2.7.RELEASE.jar:/Applications/tmcbeans.app/Contents/Resources/tmcbeans/java/modules/ext/spring-3.0/spring-jdbc-3.2.7.RELEASE.jar:/Applications/tmcbeans.app/Contents/Resources/tmcbeans/java/modules/ext/spring-3.0/spring-jms-3.2.7.RELEASE.jar:/Applications/tmcbeans.app/Contents/Resources/tmcbeans/java/modules/ext/spring-3.0/spring-orm-3.2.7.RELEASE.jar:/Applications/tmcbeans.app/Contents/Resources/tmcbeans/java/modules/ext/spring-3.0/spring-oxm-3.2.7.RELEASE.jar:/Applications/tmcbeans.app/Contents/Resources/tmcbeans/java/modules/ext/spring-3.0/spring-struts-3.2.7.RELEASE.jar:/Applications/tmcbeans.app/Contents/Resources/tmcbeans/java/modules/ext/spring-3.0/spring-test-3.2.7.RELEASE.jar:/Applications/tmcbeans.app/Contents/Resources/tmcbeans/java/modules/ext/spring-3.0/spring-tx-3.2.7.RELEASE.jar:/Applications/tmcbeans.app/Contents/Resources/tmcbeans/java/modules/ext/spring-3.0/spring-web-3.2.7.RELEASE.jar:/Applications/tmcbeans.app/Contents/Resources/tmcbeans/java/modules/ext/spring-3.0/spring-webmvc-3.2.7.RELEASE.jar:/Applications/tmcbeans.app/Contents/Resources/tmcbeans/java/modules/ext/spring-3.0/spring-webmvc-portlet-3.2.7.RELEASE.jar" />
    <property name="libs.jsp-compiler.maven-pom" value="" />
    <property name="run.jvmargs" value="" />
    <property name="libs.hibernate4-persistence.classpath" value="/Applications/tmcbeans.app/Contents/Resources/tmcbeans/java/modules/ext/hibernate4/antlr-2.7.7.jar:/Applications/tmcbeans.app/Contents/Resources/tmcbeans/java/modules/ext/hibernate4/c3p0-0.9.2.1.jar:/Applications/tmcbeans.app/Contents/Resources/tmcbeans/java/modules/ext/hibernate4/hibernate-c3p0-4.3.1.Final.jar:/Applications/tmcbeans.app/Contents/Resources/tmcbeans/java/modules/ext/hibernate4/mchange-commons-java-0.2.3.4.jar:/Applications/tmcbeans.app/Contents/Resources/tmcbeans/java/modules/ext/hibernate4/dom4j-1.6.1.jar:/Applications/tmcbeans.app/Contents/Resources/tmcbeans/java/modules/ext/hibernate4/ehcache-core-2.4.3.jar:/Applications/tmcbeans.app/Contents/Resources/tmcbeans/java/modules/ext/hibernate4/hibernate-ehcache-4.3.1.Final.jar:/Applications/tmcbeans.app/Contents/Resources/tmcbeans/java/modules/ext/hibernate4/hibernate-core-4.3.1.Final.jar:/Applications/tmcbeans.app/Contents/Resources/tmcbeans/java/modules/ext/hibernate4/jboss-logging-3.1.3.GA.jar:/Applications/tmcbeans.app/Contents/Resources/tmcbeans/java/modules/ext/hibernate4/hibernate-commons-annotations-4.0.4.Final.jar:/Applications/tmcbeans.app/Contents/Resources/tmcbeans/java/modules/ext/hibernate4/hibernate-entitymanager-4.3.1.Final.jar:/Applications/tmcbeans.app/Contents/Resources/tmcbeans/java/modules/ext/hibernate4/javassist-3.18.1-GA.jar:/Applications/tmcbeans.app/Contents/Resources/tmcbeans/java/modules/ext/hibernate4/jboss-transaction-api_1.2_spec-1.0.0.Final.jar:/Applications/tmcbeans.app/Contents/Resources/tmcbeans/java/modules/ext/hibernate4/slf4j-api-1.6.1.jar:/Applications/tmcbeans.app/Contents/Resources/tmcbeans/java/modules/ext/hibernate4/slf4j-simple-1.6.1.jar:/Applications/tmcbeans.app/Contents/Resources/tmcbeans/java/modules/ext/hibernate4/hibernate-jpa-2.1-api-1.0.0.Final.jar" />
    <property name="libs.JAXB-ENDORSED.src" value="" />
    <property name="libs.testng.javadoc" value="/Applications/tmcbeans.app/Contents/Resources/tmcbeans/platform/docs/testng-6.8.1-javadoc.zip" />
    <property name="libs.PostgreSQLDriver.classpath" value="/Applications/tmcbeans.app/Contents/Resources/tmcbeans/ide/modules/ext/postgresql-9.2-1002.jdbc4.jar" />
    <property name="libs.jsf12.maven-pom" value="" />
    <property name="jnlp.signing" value="" />
    <property name="libs.hibernate4-persistencemodelgen.classpath" value="/Applications/tmcbeans.app/Contents/Resources/tmcbeans/java/modules/ext/hibernate4/hibernate-jpamodelgen-4.3.1.Final.jar" />
    <property name="annotation.processing.source.output" value="build/generated-sources/ap-source-output" />
    <property name="jnlp.signed" value="false" />
    <property name="build.dir" value="build" />
    <property name="libs.CopyLibs.src" value="" />
    <property name="libs.jsp-compilation.classpath" value="/Applications/tmcbeans.app/Contents/Resources/tmcbeans/extide/ant/lib/ant.jar:/Applications/tmcbeans.app/Contents/Resources/tmcbeans/enterprise/modules/ext/servlet3.1-jsp2.3-api.jar:/Applications/tmcbeans.app/Contents/Resources/tmcbeans/enterprise/modules/ext/glassfish-jspparser-4.0.jar:/Applications/tmcbeans.app/Contents/Resources/tmcbeans/enterprise/modules/ext/jsf-2_2/javax.faces.jar:/Applications/tmcbeans.app/Contents/Resources/tmcbeans/enterprise/modules/ext/jstl-api.jar:/Applications/tmcbeans.app/Contents/Resources/tmcbeans/extide/ant/lib/ant-launcher.jar" />
    <property name="ant.version" value="Apache Ant(TM) version 1.9.4 compiled on April 29 2014" />
    <property name="build.classes.excludes" value="**/*.java,**/*.form" />
    <property name="file.encoding" value="UTF-8" />
    <property name="jdkBug6558476" value="false" />
    <property name="javadoc.nonavbar" value="false" />
    <property name="libs.spring-webmvc4.0.classpath" value="/Applications/tmcbeans.app/Contents/Resources/tmcbeans/java/modules/ext/spring-4/spring-webmvc-4.0.1.RELEASE.jar" />
    <property name="platform.active" value="default_platform" />
    <property name="awt.toolkit" value="sun.lwawt.macosx.LWCToolkit" />
    <property name="libs.javaee-web-api-7.0.javadoc" value="/Applications/tmcbeans.app/Contents/Resources/tmcbeans/enterprise/docs/javaee-doc-api.jar" />
  </properties>
  <testcase classname="PrintingOutTextTest" name="printsSomething" time="0.008">
    <failure message="You should print something" type="junit.framework.AssertionFailedError">junit.framework.AssertionFailedError: You should print something
	at PrintingOutTextTest.printsSomething(PrintingOutTextTest.java:25)
	at fi.helsinki.cs.tmc.edutestutils.MockStdio$1.evaluate(MockStdio.java:106)
</failure>
  </testcase>
  <testcase classname="PrintingOutTextTest" name="noVariables" time="0.0" />
  <testcase classname="PrintingOutTextTest" name="printsRightString" time="0.001">
    <failure message="You did not print the right string expected:&lt;[In the beginning there were the swamp, the hoe and Java.]&gt; but was:&lt;[]&gt;" type="junit.framework.AssertionFailedError">junit.framework.AssertionFailedError: You did not print the right string expected:&lt;[In the beginning there were the swamp, the hoe and Java.]&gt; but was:&lt;[]&gt;
	at PrintingOutTextTest.printsRightString(PrintingOutTextTest.java:31)
	at fi.helsinki.cs.tmc.edutestutils.MockStdio$1.evaluate(MockStdio.java:106)
</failure>
  </testcase>
  <system-out><![CDATA[]]></system-out>
  <system-err><![CDATA[]]></system-err>
</testsuite>
